<?xml version="1.0" encoding="UTF-8"?>
<!-- Generated by org.testng.reporters.JUnitXMLReporter -->
<testsuite hostname="DESKTOP-6OI3343" name="Test" tests="1" failures="0" timestamp="11 Jan 2021 13:54:15 GMT" time="0.215" errors="0">
  <testcase name="@BeforeClass beforeclass" time="0.0" classname="org.sample.SamplefailedtestScreenshot">
    <failure type="java.lang.IllegalStateException" message="The driver executable does not exist: C:\Users\lenovo\eclipse-workspace\MavenTestNG\src\test\resources\Screenshot\fb.png">
      <![CDATA[java.lang.IllegalStateException: The driver executable does not exist: C:\Users\lenovo\eclipse-workspace\MavenTestNG\src\test\resources\Screenshot\fb.png
	at com.google.common.base.Preconditions.checkState(Preconditions.java:585)
	at org.openqa.selenium.remote.service.DriverService.checkExecutable(DriverService.java:146)
	at org.openqa.selenium.remote.service.DriverService.findExecutable(DriverService.java:141)
	at org.openqa.selenium.chrome.ChromeDriverService.access$000(ChromeDriverService.java:35)
	at org.openqa.selenium.chrome.ChromeDriverService$Builder.findDefaultExecutable(ChromeDriverService.java:159)
	at org.openqa.selenium.remote.service.DriverService$Builder.build(DriverService.java:355)
	at org.openqa.selenium.chrome.ChromeDriverService.createDefaultService(ChromeDriverService.java:94)
	at org.openqa.selenium.chrome.ChromeDriver.<init>(ChromeDriver.java:123)
	at org.sample.SamplefailedtestScreenshot.beforeclass(SamplefailedtestScreenshot.java:25)
... Removed 24 stack frames]]>
    </failure>
  </testcase> <!-- @BeforeClass beforeclass -->
  <testcase name="@BeforeMethod beforemethod" time="0.0" classname="org.sample.SamplefailedtestScreenshot">
    <skipped/>
  </testcase> <!-- @BeforeMethod beforemethod -->
  <testcase name="@AfterMethod aftermetod" time="0.0" classname="org.sample.SamplefailedtestScreenshot">
    <skipped/>
  </testcase> <!-- @AfterMethod aftermetod -->
  <testcase name="@AfterClass afterclass" time="0.0" classname="org.sample.SamplefailedtestScreenshot">
    <skipped/>
  </testcase> <!-- @AfterClass afterclass -->
  <testcase name="test1" time="0.011" classname="org.sample.SamplefailedtestScreenshot">
    <skipped/>
  </testcase> <!-- test1 -->
</testsuite> <!-- Test -->
